2023-06-13 23:06:996 INFO  AllGamesPage :30 - Getting text from : [[ChromeDriver: chrome on WINDOWS (d650ea8dc84ea9bc6fe354243e586692)] -> xpath: //ul[@class='StyledNavigationMenuList-sc-v46bks-1 fvBWcU']]
2023-06-13 23:06:984 INFO  AllGamesPage :30 - Getting text from : [[ChromeDriver: chrome on WINDOWS (541ad10e6cc2650c6a2d7f15330260b8)] -> xpath: //h2[normalize-space()='Online Slots']]
2023-06-13 23:06:439 INFO  AllGamesPage :30 - Getting text from : [[ChromeDriver: chrome on WINDOWS (bb3d8818c0e25ac7305bd12377048202)] -> xpath: //h2[normalize-space()='Online Slots']]
2023-06-14 12:06:892 INFO  AllGamesPage :30 - Getting text from : [[ChromeDriver: chrome on WINDOWS (dd0dfa758b33239e3e1033bcc9cb3307)] -> xpath: //h2[normalize-space()='Online Slots']]
2023-06-14 12:06:634 INFO  AllGamesPage :30 - Getting text from : [[ChromeDriver: chrome on WINDOWS (6ced45f99b4e4ca7cce92ec2d2342ae2)] -> xpath: //h2[normalize-space()='Online Slots']]
2023-06-14 12:06:227 INFO  AllGamesPage :30 - Getting text from : [[ChromeDriver: chrome on WINDOWS (e033c240d7c0f3f9f8135c606f6c7b14)] -> xpath: //h2[normalize-space()='Online Slots']]
2023-06-14 12:06:749 INFO  AllGamesPage :30 - Getting text from : [[ChromeDriver: chrome on WINDOWS (02fd705e8ff116f873ab8c9842447e45)] -> xpath: //h2[normalize-space()='Online Slots']]
2023-06-14 19:06:43 INFO  HomePage :31 - Click On Accept cookies[[ChromeDriver: chrome on WINDOWS (ba0f80ce797be2fd78ad407a23da3c7c)] -> xpath: //div[@class='option'][2]]
2023-06-14 19:06:210 INFO  OnlineSlotsPage :24 - Click On Online Slots Tab[[ChromeDriver: chrome on WINDOWS (ba0f80ce797be2fd78ad407a23da3c7c)] -> xpath: //span[@data-tracking='{"label":"Online Slots","section":"Top Nav","mvtVariant":"","mvtCampaign":""}']]
2023-06-14 19:06:264 INFO  HomePage :31 - Click On Accept cookies[[ChromeDriver: chrome on WINDOWS (04216a36b17e16a0f8462a2cacf7440f)] -> xpath: //div[@class='option'][2]]
2023-06-14 19:06:416 INFO  AllGamesPage :25 - Click on All Games Tab[[ChromeDriver: chrome on WINDOWS (04216a36b17e16a0f8462a2cacf7440f)] -> xpath: //span[@data-tracking='{"label":"All Games","section":"Top Nav","mvtVariant":"","mvtCampaign":""}']]
2023-06-14 19:06:274 INFO  AllGamesPage :31 - Getting text from : [[ChromeDriver: chrome on WINDOWS (04216a36b17e16a0f8462a2cacf7440f)] -> xpath: //h2[normalize-space()='Online Slots']]
2023-06-14 20:06:52 INFO  HomePage :31 - Click On Accept cookies[[ChromeDriver: chrome on WINDOWS (b3428bc5f7762bdf26a19beaf1243faf)] -> xpath: //div[@class='option'][2]]
2023-06-14 20:06:247 INFO  OnlineSlotsPage :24 - Click On Online Slots Tab[[ChromeDriver: chrome on WINDOWS (b3428bc5f7762bdf26a19beaf1243faf)] -> xpath: //span[@data-tracking='{"label":"Online Slots","section":"Top Nav","mvtVariant":"","mvtCampaign":""}']]
2023-06-14 20:06:571 INFO  HomePage :31 - Click On Accept cookies[[ChromeDriver: chrome on WINDOWS (bff9462b47ea2561770d1c834eb9d840)] -> xpath: //div[@class='option'][2]]
2023-06-14 20:06:706 INFO  AllGamesPage :25 - Click on All Games Tab[[ChromeDriver: chrome on WINDOWS (bff9462b47ea2561770d1c834eb9d840)] -> xpath: //span[@data-tracking='{"label":"All Games","section":"Top Nav","mvtVariant":"","mvtCampaign":""}']]
2023-06-14 22:06:690 INFO  HomePage :34 - Click On Accept cookies[[ChromeDriver: chrome on WINDOWS (74f3c74fc771ebb9eb5a79c015a337d8)] -> xpath: //div[@class='option'][2]]
2023-06-14 22:06:456 INFO  HomePage :34 - Click On Accept cookies[[ChromeDriver: chrome on WINDOWS (b4fcb03c55774f654f9e826bf7c0f0fc)] -> xpath: //div[@class='option'][2]]
2023-06-14 22:06:391 INFO  HomePage :34 - Click On Accept cookies[[ChromeDriver: chrome on WINDOWS (e29b5ee0d8d1d55a6e28fbfb60ab7f4b)] -> xpath: //div[@class='option'][2]]
2023-06-14 22:06:210 INFO  HomePage :34 - Click On Accept cookies[[ChromeDriver: chrome on WINDOWS (64387a2ae26ab536b0047c3e4df4bbc7)] -> xpath: //div[@class='option'][2]]
2023-06-14 22:06:854 INFO  HomePage :34 - Click On Accept cookies[[ChromeDriver: chrome on WINDOWS (ff9c7641be53d5b000e9552637585881)] -> xpath: //div[@class='option'][2]]
2023-06-14 22:06:77 INFO  HomePage :34 - Click On Accept cookies[[ChromeDriver: chrome on WINDOWS (fa15e02b28b8b90c9d9e5a0f8959e891)] -> xpath: //div[@class='option'][2]]
2023-06-14 22:06:211 INFO  HomePage :34 - Click On Accept cookies[[ChromeDriver: chrome on WINDOWS (456bc9d12772acbe56dfce5b64489c97)] -> xpath: //div[@class='option'][2]]
2023-06-14 22:06:259 INFO  HomePage :34 - Click On Accept cookies[[ChromeDriver: chrome on WINDOWS (c9d8506314d65dc6d26f665df11479ea)] -> xpath: //div[@class='option'][2]]
2023-06-14 22:06:933 INFO  HomePage :34 - Click On Accept cookies[[ChromeDriver: chrome on WINDOWS (26e43ebe54e97d1a4f1fe83483cd4580)] -> xpath: //div[@class='option'][2]]
2023-06-14 22:06:73 INFO  HomePage :34 - Click On Accept cookies[[ChromeDriver: chrome on WINDOWS (bd5821631a1268e807e5f6596791d993)] -> xpath: //div[@class='option'][2]]
2023-06-14 22:06:898 INFO  HomePage :34 - Click On Accept cookies[[ChromeDriver: chrome on WINDOWS (deb3cb958e7422964a2486f386ce7c28)] -> xpath: //div[@class='option'][2]]
2023-06-14 22:06:374 INFO  HomePage :34 - Click On Accept cookies[[ChromeDriver: chrome on WINDOWS (849f1c476feb4d62dde2bc4469aef126)] -> xpath: //div[@class='option'][2]]
2023-06-14 22:06:276 INFO  HomePage :34 - Click On Accept cookies[[ChromeDriver: chrome on WINDOWS (765a54638a7a846cea0f744b5c6eef1f)] -> xpath: //div[@class='option'][2]]
2023-06-14 22:06:22 INFO  HomePage :34 - Click On Accept cookies[[ChromeDriver: chrome on WINDOWS (bed593e02a5f37f84862d7c445362e91)] -> xpath: //div[@class='option'][2]]
2023-06-15 12:06:726 INFO  HomePage :34 - Click On Accept cookies[[ChromeDriver: chrome on WINDOWS (2daaf8fad691347db45a83d8ef53e342)] -> xpath: //div[@class='option'][2]]
2023-06-15 12:06:347 INFO  HomePage :34 - Click On Accept cookies[[ChromeDriver: chrome on WINDOWS (f8578f7fb07e0e7b474e95eaeb2eb585)] -> xpath: //div[@class='option'][2]]
2023-06-15 12:06:333 INFO  HomePage :34 - Click On Accept cookies[[ChromeDriver: chrome on WINDOWS (510b150ec028eaf7fe62710708cc1efc)] -> xpath: //div[@class='option'][2]]
2023-06-15 12:06:802 INFO  HomePage :34 - Click On Accept cookies[[ChromeDriver: chrome on WINDOWS (4ba717359940b51e863d62afa55d4e8a)] -> xpath: //div[@class='option'][2]]
2023-06-15 12:06:815 INFO  HomePage :34 - Click On Accept cookies[[ChromeDriver: chrome on WINDOWS (2c889097a6873722f085eec972dfff3c)] -> xpath: //div[@class='option'][2]]
2023-06-15 12:06:496 INFO  HomePage :34 - Click On Accept cookies[[ChromeDriver: chrome on WINDOWS (c860dad686848abea3a9daa447f0b666)] -> xpath: //div[@class='option'][2]]
2023-06-15 12:06:388 INFO  HomePage :34 - Click On Accept cookies[[ChromeDriver: chrome on WINDOWS (3f5fb7b52504a49e051ba252799a7e04)] -> xpath: //div[@class='option'][2]]
2023-06-15 12:06:888 INFO  HomePage :34 - Click On Accept cookies[[ChromeDriver: chrome on WINDOWS (ef09882dc29f43cfdb1b4d5031007422)] -> xpath: //div[@class='option'][2]]
2023-06-15 12:06:919 INFO  HomePage :34 - Click On Accept cookies[[ChromeDriver: chrome on WINDOWS (d0bbe2f09f2eabc921dabfeb6bbe4609)] -> xpath: //div[@class='option'][2]]
2023-06-15 16:06:571 INFO  HomePage :33 - Click On Accept cookies[[ChromeDriver: chrome on WINDOWS (ff8c37f0805e1bd1fbb623778c59e0bc)] -> xpath: //div[@class='option'][2]]
2023-06-15 16:06:576 INFO  HomePage :33 - Click On Accept cookies[[ChromeDriver: chrome on WINDOWS (29dea503b38b50481f832035a19f232c)] -> xpath: //div[@class='option'][2]]
2023-06-15 16:06:425 INFO  HomePage :33 - Click On Accept cookies[[ChromeDriver: chrome on WINDOWS (648bc6e8ad226ba4a7476d3a23ab42d5)] -> xpath: //div[@class='option'][2]]
2023-06-15 16:06:209 INFO  HomePage :33 - Click On Accept cookies[[ChromeDriver: chrome on WINDOWS (bd6939eda241b2275df4befcdfb56e22)] -> xpath: //div[@class='option'][2]]
2023-06-15 16:06:435 INFO  HomePage :33 - Click On Accept cookies[[ChromeDriver: chrome on WINDOWS (f54e0470e9df10f0968944c9797accff)] -> xpath: //div[@class='option'][2]]
2023-06-15 20:06:717 INFO  HomePage :33 - Click On Accept cookies[[ChromeDriver: chrome on WINDOWS (2787a03795c08960910f42e350742918)] -> xpath: //div[@class='option'][2]]
2023-06-15 22:06:387 INFO  HomePage :33 - Click On Accept cookies[[ChromeDriver: chrome on WINDOWS (395be623825529d8d8ac4c0d31a487b1)] -> xpath: //div[@class='option'][2]]
2023-06-15 22:06:743 INFO  OnlineSlotsPage :24 - Click On Online Slots Tab[[ChromeDriver: chrome on WINDOWS (395be623825529d8d8ac4c0d31a487b1)] -> xpath: //span[@data-tracking='{"label":"Online Slots","section":"Top Nav","mvtVariant":"","mvtCampaign":""}']]
2023-06-15 23:06:527 INFO  HomePage :33 - Click On Accept cookies[[ChromeDriver: chrome on WINDOWS (3abab9d5e82887608c7b1aa728d49bd6)] -> xpath: //div[@class='option'][2]]
2023-06-15 23:06:782 INFO  AllGamesPage :25 - Click on All Games Tab[[ChromeDriver: chrome on WINDOWS (3abab9d5e82887608c7b1aa728d49bd6)] -> xpath: //span[@data-tracking='{"label":"All Games","section":"Top Nav","mvtVariant":"","mvtCampaign":""}']]
2023-06-16 15:06:963 INFO  HomePage :33 - Click On Accept cookies[[ChromeDriver: chrome on WINDOWS (8dad2f20b4790c5251d588d93136da38)] -> xpath: //div[@class='option'][2]]
2023-06-16 15:06:550 INFO  HomePage :33 - Click On Accept cookies[[ChromeDriver: chrome on WINDOWS (26208d5c8aad1ff7455456491a878f68)] -> xpath: //div[@class='option'][2]]
2023-06-16 15:06:678 INFO  HomePage :33 - Click On Accept cookies[[ChromeDriver: chrome on WINDOWS (179b02b5730b197d6f84c1f31d504201)] -> xpath: //div[@class='option'][2]]
2023-06-16 15:06:506 INFO  HomePage :33 - Click On Accept cookies[[ChromeDriver: chrome on WINDOWS (91f1c6b0f3c66affd8511f3badae0008)] -> xpath: //div[@class='option'][2]]
2023-06-16 15:06:614 INFO  HomePage :33 - Click On Accept cookies[[ChromeDriver: chrome on WINDOWS (ac85d978d05d848a53e79be55d744567)] -> xpath: //div[@class='option'][2]]
2023-06-16 15:06:716 INFO  HomePage :33 - Click On Accept cookies[[ChromeDriver: chrome on WINDOWS (97a4490526b9497f2d572763cdfe2ae3)] -> xpath: //div[@class='option'][2]]
2023-06-16 15:06:252 INFO  HomePage :33 - Click On Accept cookies[[ChromeDriver: chrome on WINDOWS (c4a52ed19b2e352989935cfe95950d8c)] -> xpath: //div[@class='option'][2]]
2023-06-16 19:06:680 INFO  HomePage :33 - Click On Accept cookies[[ChromeDriver: chrome on WINDOWS (c1042f78f036b60c15f341dcb21bc012)] -> xpath: //div[@class='option'][2]]
2023-06-16 19:06:982 INFO  HomePage :33 - Click On Accept cookies[[ChromeDriver: chrome on WINDOWS (6df85be1e2c228b53ff2427c3fddbd39)] -> xpath: //div[@class='option'][2]]
2023-06-16 19:06:253 INFO  HomePage :33 - Click On Accept cookies[[ChromeDriver: chrome on WINDOWS (8ffcd381e3ad347f1ae5c8f16f0f6684)] -> xpath: //div[@class='option'][2]]
2023-06-16 19:06:396 INFO  HomePage :33 - Click On Accept cookies[[ChromeDriver: chrome on WINDOWS (d154ff971aa5d57c763001b346213db0)] -> xpath: //div[@class='option'][2]]
2023-06-16 19:06:904 INFO  HomePage :33 - Click On Accept cookies[[ChromeDriver: chrome on WINDOWS (b356391a47d8eee004300cec20fef5aa)] -> xpath: //div[@class='option'][2]]
2023-06-16 19:06:568 INFO  HomePage :33 - Click On Accept cookies[[ChromeDriver: chrome on WINDOWS (e4c30d30d1e87fd1acde900511797eaf)] -> xpath: //div[@class='option'][2]]
2023-06-17 13:06:601 INFO  HomePage :33 - Click On Accept cookies[[ChromeDriver: chrome on WINDOWS (ddaac9da362a43a824ffe8f311d93574)] -> xpath: //div[@class='option'][2]]
2023-06-17 13:06:270 INFO  HomePage :33 - Click On Accept cookies[[ChromeDriver: chrome on WINDOWS (7e3a1f64037ba7d20151938a924aec99)] -> xpath: //div[@class='option'][2]]
2023-06-17 13:06:864 INFO  HomePage :33 - Click On Accept cookies[[ChromeDriver: chrome on WINDOWS (6fd280403309289f9478962b581be64e)] -> xpath: //div[@class='option'][2]]
2023-06-17 13:06:161 INFO  HomePage :33 - Click On Accept cookies[[ChromeDriver: chrome on WINDOWS (4e4d5d46e7240596f1df65b960900b90)] -> xpath: //div[@class='option'][2]]
2023-06-17 13:06:987 INFO  HomePage :33 - Click On Accept cookies[[ChromeDriver: chrome on WINDOWS (008f1f71d911e1c2e6cd0f71fb412831)] -> xpath: //div[@class='option'][2]]
2023-06-17 13:06:916 INFO  HomePage :33 - Click On Accept cookies[[ChromeDriver: chrome on WINDOWS (653d873f09bddbfab2431883a337c29b)] -> xpath: //div[@class='option'][2]]
2023-06-17 13:06:102 INFO  HomePage :33 - Click On Accept cookies[[ChromeDriver: chrome on WINDOWS (bc50a891e5ad45db3f780664717d93d5)] -> xpath: //div[@class='option'][2]]
